New log file opened at Sun Dec 04 23:26:09 CST 2016 by 7572@DESKTOP-MBJGD93
Taking next connection to: 54650
New client attempting to connect on port: 54651-54650
  Address = /10.2.70.66:54650
This client on port 54651 has uuid f8491bb9-fe22-45bc-ba1f-30cfd472ebd6 configName activator humanReadableName Activator protocolVersion 3 featureTags Vector()
Connected Clients: activator-f8491bb9-fe22-45bc-ba1f-30cfd472ebd6
Taking next connection to: 54650
New client attempting to connect on port: 54652-54650
  Address = /10.2.70.66:54650
Handshake exception on socket: 54652
sbt.impl.ipc.HandshakeException: Unable to perform handshake
	at sbt.impl.ipc.Peer.handshake(IPC.scala:46)
	at sbt.impl.ipc.MultiClientServer.<init>(IPC.scala:150)
	at sbt.server.SbtServerSocketHandler$$anon$1.run(SbtServerSocketHandler.scala:43)
Caused by: java.net.SocketException: Software caused connection abort: recv failed
	at java.net.SocketInputStream.socketRead0(Native Method)
	at java.net.SocketInputStream.socketRead(SocketInputStream.java:116)
	at java.net.SocketInputStream.read(SocketInputStream.java:170)
	at java.net.SocketInputStream.read(SocketInputStream.java:141)
	at java.io.BufferedInputStream.fill(BufferedInputStream.java:246)
	at java.io.BufferedInputStream.read(BufferedInputStream.java:265)
	at java.io.DataInputStream.readInt(DataInputStream.java:387)
	at sbt.impl.ipc.Peer.receive(IPC.scala:95)
	at sbt.impl.ipc.Peer.handshake(IPC.scala:49)
	... 2 more
Taking next connection to: 54650
New client attempting to connect on port: 54653-54650
  Address = /10.2.70.66:54650
This client on port 54653 has uuid 6d4bb683-1186-45b0-997f-ba26ffeb38d8 configName activator humanReadableName Activator protocolVersion 3 featureTags Vector()
Connected Clients: activator-f8491bb9-fe22-45bc-ba1f-30cfd472ebd6, activator-6d4bb683-1186-45b0-997f-ba26ffeb38d8
Taking next connection to: 54650
Checking to see if clients are empty...
No non-daemon clients connected after 3 min. Shutting down.
Server socket thread exiting.
0 clients open, will close them...
All client sockets have been closed.
Closing the 7572@DESKTOP-MBJGD93 logs at Sun Dec 04 23:29:09 CST 2016, goodbye.
